<?xml version="1.0" encoding="UTF-8"?>
<!-- Generated by org.testng.reporters.JUnitReportReporter -->
<testsuite hostname="HPDA0172" name="com.qait.automation.report.ResultsIT" tests="1" failures="0" timestamp="1 Sep 2015 09:48:08 GMT" time="2.900" errors="0">
  <testcase name="sendResultsMail" time="2.900" classname="com.qait.automation.report.ResultsIT"/>
</testsuite> <!-- com.qait.automation.report.ResultsIT -->
